0.499541   -0.495997   0.494736
-0.320008   -0.33808   -0.491843
-0.485294   -0.330871   -0.330587
-0.332136   -0.493079   -0.334084
-0.166442   -0.493152   -0.48694
0.0119321   -0.334743   0.493527
-0.175032   -0.3453   -0.325887
0.000607331   0.497757   -0.345346
0.162348   -0.498763   0.485761
0.327928   -0.332946   0.4984
0.162218   -0.327171   -0.343785
0.343096   -0.480878   -0.345642
0.496414   -0.164802   -0.49826
-0.336712   -0.00254706   -0.489756
0.492248   -0.0128966   -0.327991
-0.328178   -0.157874   -0.33094
-0.180561   -0.166345   -0.490408
-0.00323167   0.0133899   -0.497791
-0.152233   -0.00192704   -0.340758
-0.00146213   -0.155331   -0.329381
0.146243   -0.185167   0.49676
0.313515   -0.026039   -0.497817
0.155857   -0.00382772   -0.333692
0.310939   -0.185106   -0.331666
-0.499144   0.145369   -0.467548
-0.32424   0.333888   -0.498136
-0.491346   0.343012   -0.326829
-0.323408   0.174237   -0.332587
-0.172631   0.151758   0.491852
-0.00343434   0.321661   0.499629
-0.163238   0.322287   -0.331139
-0.013816   0.160705   -0.341395
0.154913   0.182436   0.494225
0.348229   0.32878   -0.498249
0.178687   0.357135   -0.350255
0.309866   0.158978   -0.329415
0.498044   -0.492316   -0.163768
-0.341291   -0.329176   -0.165118
0.494645   -0.319373   0.0116412
-0.316664   -0.483567   -0.00540395
-0.155218   -0.492916   -0.159616
-0.00444282   -0.328627   -0.159298
-0.153346   -0.323369   0.0197505
0.0167167   0.492352   -0.00371681
0.167962   -0.489009   -0.169856
0.320802   -0.316809   -0.144192
0.166864   -0.337609   0.00383903
0.345543   -0.487985   0.00229581
0.483529   -0.175885   -0.156607
-0.333038   0.0085361   -0.175578
-0.48604   0.000787756   0.0131111
-0.344208   -0.154837   0.0114636
-0.183799   -0.176119   -0.162338
0.011065   -0.0197476   -0.157741
-0.162474   -0.0173284   -0.0161968
0.0119196   -0.179066   0.0125018
0.160623   -0.170068   -0.146693
0.343753   0.00224165   -0.150773
0.15967   -0.00717404   0.00135698
0.33079   -0.152963   0.0100356
0.493344   0.169763   -0.174842
-0.323158   0.338259   -0.178809
0.492262   0.332379   -0.0113802
-0.350064   0.168947   -0.00487553
-0.16952   0.152386   -0.161368
0.00712653   0.346108   -0.176211
-0.167912   0.338897   -0.0143188
-0.00449331   0.156264   -0.00791854
0.169321   0.183547   -0.167084
0.322585   0.367542   -0.172113
0.183997   0.325108   -0.00361423
0.341746   0.168939   -0.0168211
-0.480201   -0.495601   0.171299
-0.324617   -0.332231   0.154729
-0.484024   -0.345487   0.338103
-0.324962   0.486927   0.33645
-0.172872   0.496958   0.155009
0.0103834   -0.338912   0.172364
-0.15346   -0.325599   0.343088
-0.00422335   0.474717   0.335308
0.174857   0.49644   0.156096
0.341766   -0.343407   0.168724
0.156886   -0.348659   0.31914
0.332318   -0.498939   0.333468
0.491584   -0.160903   0.189044
-0.336492   -0.0110984   0.175196
-0.488835   0.0126079   0.346507
-0.323221   -0.177861   0.33817
-0.163775   -0.14385   0.169393
-0.0114179   -0.00139927   0.153203
-0.172529   -0.00561497   0.34318
0.00772778   -0.180785   0.311906
0.185477   -0.17141   0.158409
0.335108   0.0301726   0.173539
0.153703   0.0117972   0.321932
0.332064   -0.163366   0.337357
0.488571   0.165753   0.164985
-0.319944   0.335064   0.142741
-0.488142   0.327363   0.33161
-0.326325   0.169304   0.313755
-0.170843   0.16403   0.149594
-0.00604552   0.348545   0.145832
-0.169683   0.321291   0.331486
-0.0195152   0.169348   0.329387
0.148996   0.165636   0.16499
0.343987   0.327264   0.169257
0.145844   0.321686   0.335737
0.323187   0.163555   0.352506
