0.563436   0.474307   -0.0818648
-0.423525   0.390346   -0.748635
-0.516402   0.436679   -0.368424
1.25005   -0.250535   1.32505
0.362374   0.0173831   -1.16431
-0.74596   0.26443   0.0548361
1.95856   0.197998   0.87244
0.819441   1.717   -0.225597
-1.34533   -0.173324   0.297421
0.734568   -0.0551165   -0.375179
1.05574   -0.0763224   1.21377
0.498828   -0.0357159   -0.580803
0.376836   1.07366   -1.2598
-0.570257   -0.0369456   0.023392
-1.20469   -0.197895   -0.421463
-0.71741   -0.106477   0.426242
2.29607   1.01445   -0.843999
1.42609   -1.50418   0.463234
1.00807   -1.30675   -0.727522
-0.284518   -1.20038   -1.13273
-0.789601   0.31876   -0.212684
-1.55848   -1.65617   -0.00918499
-1.36576   -0.163161   -2.60856
0.0464059   0.921543   0.765167
0.0656179   -0.5582   -1.22476
-0.174845   0.506648   -0.358984
1.00106   1.19141   1.03482
-1.15667   -0.137646   1.69355
-0.709608   0.44986   1.04821
0.588775   0.300221   -0.109201
0.445988   1.75077   0.686568
-0.318519   -1.3574   1.9816
0.675266   1.31591   1.18187
-0.34158   0.21853   -1.63085
1.01351   0.157905   -0.90876
-1.68677   0.23691   -0.619439
-0.61593   1.07209   1.26208
0.421358   -2.25636   -1.04261
0.522109   -0.796252   0.769082
-0.742291   -0.746692   0.241769
-0.0825073   -0.903295   1.24936
0.62842   1.65311   -1.45652
0.185728   0.415972   -1.64724
0.424872   0.198353   -0.225674
0.151162   -1.93033   -0.77448
-0.970224   -1.32802   0.388191
-1.1149   -0.828281   -0.225156
-0.184587   0.436767   0.828474
0.138484   0.388162   -0.823606
0.052315   0.441958   0.319468
-1.58875   0.703821   -0.241974
-0.510741   0.173559   -1.46949
-0.447472   -0.053053   -0.57951
0.270932   0.49732   -0.659014
0.50518   0.529537   0.426727
-1.04893   0.253751   -1.87142
-0.828185   -0.495577   -0.0288022
-0.53127   1.10827   -0.51627
0.124074   0.916591   0.154722
-0.0229868   0.162205   -0.519956
-0.991071   -0.287831   1.29535
-0.841623   -0.103675   0.737844
-0.231711   0.203341   -0.406469
0.446243   -1.2965   0.000418228
0.877877   -1.66906   0.535677
0.274881   -1.05278   0.204036
0.584354   0.788346   0.633325
0.376472   -1.93347   -0.467584
-0.352339   -2.45881   0.318881
-0.366346   0.770883   0.211835
-1.08108   -1.42183   1.4817
-1.00309   0.446605   0.281882
-1.32801   -0.278241   -1.82692
-0.635517   -1.82794   0.458354
-0.358371   -0.916248   -1.01809
-0.0907846   0.739164   0.993515
0.298483   -0.510293   -1.76843
0.351431   -0.625567   0.125108
0.825736   0.543551   0.872228
-0.66975   0.468593   1.01082
-0.812215   -0.922683   0.671013
0.822003   1.76945   0.257211
0.221002   1.53903   -0.0467374
-0.887263   0.41231   -0.42161
-0.333173   -0.095391   -0.51141
-0.599913   0.372087   0.34591
0.401036   -0.327097   0.49503
-0.140055   0.55879   2.11401
0.239133   -0.880916   1.14826
0.498005   0.301368   -0.539946
-0.404992   1.64205   1.0729
1.41698   -0.417499   -0.0661658
-0.937181   -0.311248   -1.14203
1.36874   -0.183521   -0.00533646
0.202892   -0.993876   0.170458
0.0112706   -1.8235   -1.09097
0.640266   1.86509   -0.862458
1.3147   -0.235939   1.02155
0.756901   0.488102   1.35124
1.23296   0.739121   1.61121
-0.613282   0.903785   0.0986782
1.14234   0.315926   -0.838981
2.32899   0.133512   0.51604
1.07357   0.26023   -0.880108
-2.55315   0.547457   0.968673
-1.31438   1.26792   -1.10599
0.0947053   -0.654918   0.513413
1.73169   0.400021   0.469069
